TN:
SF:src/data/switchProfiles.ts
FN:14,(anonymous_0)
FN:40,(anonymous_1)
FN:59,(anonymous_2)
FN:66,(anonymous_3)
FN:85,(anonymous_4)
FN:96,getSwitchProfile
FN:97,(anonymous_6)
FN:100,listSwitchModels
FN:101,(anonymous_8)
FNF:9
FNH:5
FNDA:32,(anonymous_0)
FNDA:32,(anonymous_1)
FNDA:48,(anonymous_2)
FNDA:4,(anonymous_3)
FNDA:32,(anonymous_4)
FNDA:0,getSwitchProfile
FNDA:0,(anonymous_6)
FNDA:0,listSwitchModels
FNDA:0,(anonymous_8)
DA:3,1
DA:14,32
DA:40,32
DA:59,48
DA:66,4
DA:85,32
DA:96,1
DA:97,0
DA:100,1
DA:101,0
LF:10
LH:8
BRF:0
BRH:0
end_of_record
TN:
SF:src/frontend/js/configGenerator.js
FN:8,(anonymous_0)
FN:22,(anonymous_1)
FN:34,(anonymous_2)
FN:45,(anonymous_3)
FN:57,(anonymous_4)
FN:62,(anonymous_5)
FN:74,(anonymous_6)
FN:79,(anonymous_7)
FN:84,(anonymous_8)
FN:89,(anonymous_9)
FN:106,(anonymous_10)
FN:112,(anonymous_11)
FN:120,(anonymous_12)
FN:157,(anonymous_13)
FN:161,(anonymous_14)
FN:166,(anonymous_15)
FN:194,(anonymous_16)
FN:198,(anonymous_17)
FN:210,(anonymous_18)
FN:266,(anonymous_19)
FN:267,(anonymous_20)
FN:276,(anonymous_21)
FN:299,(anonymous_22)
FNF:23
FNH:18
FNDA:3,(anonymous_0)
FNDA:0,(anonymous_1)
FNDA:0,(anonymous_2)
FNDA:0,(anonymous_3)
FNDA:6,(anonymous_4)
FNDA:9,(anonymous_5)
FNDA:1,(anonymous_6)
FNDA:2,(anonymous_7)
FNDA:0,(anonymous_8)
FNDA:6,(anonymous_9)
FNDA:1,(anonymous_10)
FNDA:4,(anonymous_11)
FNDA:8,(anonymous_12)
FNDA:0,(anonymous_13)
FNDA:6,(anonymous_14)
FNDA:4,(anonymous_15)
FNDA:8,(anonymous_16)
FNDA:1,(anonymous_17)
FNDA:2,(anonymous_18)
FNDA:4,(anonymous_19)
FNDA:8,(anonymous_20)
FNDA:8,(anonymous_21)
FNDA:8,(anonymous_22)
DA:9,3
DA:10,0
DA:12,3
DA:13,3
DA:23,0
DA:24,0
DA:35,0
DA:41,0
DA:42,0
DA:45,0
DA:53,0
DA:58,6
DA:63,9
DA:75,1
DA:80,2
DA:85,0
DA:90,6
DA:91,6
DA:92,6
DA:94,6
DA:107,1
DA:108,1
DA:109,1
DA:112,1
DA:114,4
DA:115,4
DA:116,0
DA:120,4
DA:121,8
DA:124,8
DA:126,0
DA:130,0
DA:132,0
DA:142,8
DA:143,0
DA:153,1
DA:158,0
DA:162,6
DA:163,6
DA:167,4
DA:168,3
DA:171,2
DA:172,2
DA:175,2
DA:176,2
DA:178,2
DA:179,6
DA:181,6
DA:184,6
DA:185,6
DA:186,12
DA:187,12
DA:191,2
DA:195,8
DA:199,1
DA:201,1
DA:204,1
DA:207,1
DA:210,1
DA:211,2
DA:215,1
DA:216,1
DA:219,1
DA:222,1
DA:223,1
DA:224,2
DA:225,2
DA:226,2
DA:230,2
DA:231,2
DA:235,1
DA:236,1
DA:237,4
DA:238,4
DA:239,4
DA:243,4
DA:244,4
DA:248,1
DA:249,1
DA:252,1
DA:253,1
DA:254,1
DA:257,1
DA:260,1
DA:265,1
DA:266,1
DA:267,4
DA:269,8
DA:275,8
DA:276,8
DA:277,8
DA:281,8
DA:283,8
DA:288,8
DA:291,8
DA:299,8
DA:304,8
DA:310,8
DA:311,8
DA:313,4
DA:316,1
DA:318,0
DA:319,0
LF:103
LH:86
BRDA:9,0,0,0
BRDA:9,0,1,3
BRDA:9,1,0,3
BRDA:9,1,1,3
BRDA:41,2,0,0
BRDA:41,2,1,0
BRDA:62,3,0,7
BRDA:91,4,0,2
BRDA:91,4,1,4
BRDA:98,5,0,6
BRDA:98,5,1,0
BRDA:115,6,0,0
BRDA:115,6,1,4
BRDA:142,7,0,0
BRDA:142,7,1,8
BRDA:162,8,0,0
BRDA:162,8,1,6
BRDA:167,9,0,1
BRDA:167,9,1,3
BRDA:168,10,0,1
BRDA:168,10,1,2
BRDA:181,11,0,0
BRDA:181,11,1,6
BRF:23
BRH:15
end_of_record
TN:
SF:src/frontend/js/connectionDistributor.js
FN:2,(anonymous_0)
FN:6,(anonymous_1)
FN:13,(anonymous_2)
FNF:3
FNH:3
FNDA:8,(anonymous_0)
FNDA:15,(anonymous_1)
FNDA:13,(anonymous_2)
DA:3,8
DA:7,15
DA:8,15
DA:9,1
DA:14,13
DA:17,13
DA:18,1
DA:21,12
DA:22,12
DA:25,9
DA:26,9
DA:29,2
DA:31,2
DA:32,1
DA:34,1
DA:35,1
DA:38,0
DA:39,0
DA:41,1
DA:44,1
DA:45,0
DA:48,1
DA:49,4
DA:51,1
DA:54,0
DA:55,0
DA:58,0
DA:59,0
DA:60,0
DA:62,0
DA:65,11
LF:31
LH:22
BRDA:8,0,0,1
BRDA:8,0,1,14
BRDA:17,1,0,1
BRDA:17,1,1,12
BRDA:22,2,0,9
BRDA:22,2,1,2
BRDA:22,2,2,1
BRDA:22,2,3,0
BRDA:29,3,0,2
BRDA:29,3,1,0
BRDA:31,4,0,1
BRDA:31,4,1,1
BRDA:44,5,0,0
BRDA:44,5,1,1
BRDA:54,6,0,0
BRDA:54,6,1,0
BRF:16
BRH:11
end_of_record
TN:
SF:src/frontend/js/portAssignmentManager.js
FN:5,(anonymous_0)
FN:15,(anonymous_1)
FN:93,(anonymous_2)
FN:193,(anonymous_3)
FN:222,(anonymous_4)
FN:251,(anonymous_5)
FN:257,(anonymous_6)
FN:267,(anonymous_7)
FN:296,(anonymous_8)
FN:315,(anonymous_9)
FN:335,(anonymous_10)
FN:361,(anonymous_11)
FN:399,(anonymous_12)
FN:427,(anonymous_13)
FN:435,(anonymous_14)
FNF:15
FNH:7
FNDA:3,(anonymous_0)
FNDA:1,(anonymous_1)
FNDA:0,(anonymous_2)
FNDA:0,(anonymous_3)
FNDA:0,(anonymous_4)
FNDA:0,(anonymous_5)
FNDA:0,(anonymous_6)
FNDA:0,(anonymous_7)
FNDA:0,(anonymous_8)
FNDA:0,(anonymous_9)
FNDA:6,(anonymous_10)
FNDA:1,(anonymous_11)
FNDA:16,(anonymous_12)
FNDA:8,(anonymous_13)
FNDA:32,(anonymous_14)
DA:6,3
DA:7,3
DA:23,1
DA:25,1
DA:28,1
DA:29,0
DA:31,1
DA:32,0
DA:37,1
DA:38,0
DA:41,1
DA:43,1
DA:44,1
DA:46,1
DA:47,0
DA:49,1
DA:50,0
DA:54,1
DA:56,1
DA:57,0
DA:60,1
DA:61,0
DA:65,1
DA:67,1
DA:68,0
DA:72,1
DA:74,1
DA:75,0
DA:79,0
DA:82,1
DA:94,0
DA:95,0
DA:96,0
DA:106,0
DA:108,0
DA:114,0
DA:115,0
DA:118,0
DA:121,0
DA:122,0
DA:132,0
DA:133,0
DA:134,0
DA:135,0
DA:142,0
DA:143,0
DA:144,0
DA:145,0
DA:151,0
DA:155,0
DA:156,0
DA:159,0
DA:160,0
DA:169,0
DA:170,0
DA:171,0
DA:172,0
DA:178,0
DA:181,0
DA:194,0
DA:195,0
DA:196,0
DA:198,0
DA:199,0
DA:200,0
DA:203,0
DA:205,0
DA:207,0
DA:208,0
DA:214,0
DA:218,0
DA:219,0
DA:220,0
DA:222,0
DA:225,0
DA:231,0
DA:233,0
DA:236,0
DA:237,0
DA:240,0
DA:252,0
DA:253,0
DA:257,0
DA:258,0
DA:259,0
DA:262,0
DA:263,0
DA:267,0
DA:268,0
DA:269,0
DA:272,0
DA:273,0
DA:276,0
DA:277,0
DA:280,0
DA:281,0
DA:284,0
DA:297,0
DA:298,0
DA:299,0
DA:302,0
DA:303,0
DA:304,0
DA:306,0
DA:307,0
DA:311,0
DA:315,0
DA:316,0
DA:317,0
DA:320,0
DA:321,0
DA:327,0
DA:338,6
DA:339,6
DA:342,6
DA:343,6
DA:346,6
DA:347,6
DA:350,6
DA:351,6
DA:353,6
DA:363,1
DA:364,1
DA:365,1
DA:366,1
DA:369,1
DA:370,1
DA:373,1
DA:382,1
DA:383,0
DA:387,1
DA:393,1
DA:394,2
DA:395,2
DA:401,16
DA:402,16
DA:406,16
DA:407,8
DA:411,8
DA:412,8
DA:421,1
DA:422,4
DA:423,4
DA:429,8
DA:430,8
DA:435,32
DA:442,1
LF:147
LH:54
BRDA:28,0,0,0
BRDA:28,0,1,1
BRDA:31,1,0,0
BRDA:31,1,1,1
BRDA:37,2,0,0
BRDA:37,2,1,1
BRDA:46,3,0,0
BRDA:46,3,1,1
BRDA:46,4,0,1
BRDA:46,4,1,1
BRDA:49,5,0,0
BRDA:49,5,1,1
BRDA:49,6,0,1
BRDA:49,6,1,1
BRDA:56,7,0,0
BRDA:56,7,1,1
BRDA:60,8,0,0
BRDA:60,8,1,1
BRDA:67,9,0,0
BRDA:67,9,1,1
BRDA:67,10,0,1
BRDA:67,10,1,1
BRDA:74,11,0,0
BRDA:74,11,1,1
BRDA:95,12,0,0
BRDA:95,12,1,0
BRDA:198,13,0,0
BRDA:198,13,1,0
BRDA:205,14,0,0
BRDA:205,14,1,0
BRDA:207,15,0,0
BRDA:207,15,1,0
BRDA:236,16,0,0
BRDA:236,16,1,0
BRDA:252,17,0,0
BRDA:252,17,1,0
BRDA:252,18,0,0
BRDA:252,18,1,0
BRDA:262,19,0,0
BRDA:262,19,1,0
BRDA:276,20,0,0
BRDA:276,20,1,0
BRDA:276,21,0,0
BRDA:276,21,1,0
BRDA:280,22,0,0
BRDA:280,22,1,0
BRDA:280,23,0,0
BRDA:280,23,1,0
BRDA:304,24,0,0
BRDA:304,24,1,0
BRDA:304,25,0,0
BRDA:304,25,1,0
BRDA:317,26,0,0
BRDA:317,26,1,0
BRDA:338,27,0,2
BRDA:338,27,1,4
BRDA:342,28,0,2
BRDA:342,28,1,4
BRDA:346,29,0,2
BRDA:346,29,1,4
BRDA:350,30,0,2
BRDA:350,30,1,4
BRDA:382,31,0,0
BRDA:382,31,1,1
BRDA:406,32,0,8
BRDA:406,32,1,8
BRF:66
BRH:26
end_of_record
TN:
SF:src/frontend/js/portProfileAnalyzer.js
FN:2,(anonymous_0)
FN:8,(anonymous_1)
FN:11,(anonymous_2)
FN:12,(anonymous_3)
FN:19,(anonymous_4)
FN:37,(anonymous_5)
FN:41,(anonymous_6)
FN:49,(anonymous_7)
FN:66,(anonymous_8)
FNF:9
FNH:9
FNDA:3,(anonymous_0)
FNDA:9,(anonymous_1)
FNDA:72,(anonymous_2)
FNDA:63,(anonymous_3)
FNDA:9,(anonymous_4)
FNDA:8,(anonymous_5)
FNDA:56,(anonymous_6)
FNDA:8,(anonymous_7)
FNDA:8,(anonymous_8)
DA:3,3
DA:4,3
DA:5,3
DA:10,9
DA:11,72
DA:12,63
DA:20,9
DA:21,9
DA:22,0
DA:25,9
DA:26,9
DA:27,0
DA:30,9
DA:38,8
DA:41,8
DA:42,56
DA:44,8
DA:45,0
DA:49,8
DA:50,8
DA:52,8
DA:53,8
DA:56,0
DA:59,8
DA:60,0
DA:63,8
DA:67,8
DA:68,8
DA:72,0
DA:73,0
LF:30
LH:23
BRDA:4,0,0,3
BRDA:4,0,1,0
BRDA:5,1,0,3
BRDA:5,1,1,0
BRDA:11,2,0,72
BRDA:11,2,1,72
BRDA:21,3,0,0
BRDA:21,3,1,9
BRDA:21,4,0,9
BRDA:21,4,1,9
BRDA:26,5,0,0
BRDA:26,5,1,9
BRDA:26,6,0,9
BRDA:26,6,1,9
BRDA:37,7,0,0
BRDA:37,8,0,0
BRDA:44,9,0,0
BRDA:44,9,1,8
BRDA:52,10,0,8
BRDA:52,10,1,0
BRDA:53,11,0,8
BRDA:53,11,1,8
BRDA:59,12,0,0
BRDA:59,12,1,8
BRDA:66,13,0,0
BRDA:67,14,0,8
BRDA:67,14,1,0
BRDA:67,15,0,8
BRDA:67,15,1,0
BRF:29
BRH:17
end_of_record
TN:
SF:src/frontend/js/serverConnectionGenerator.js
FN:2,(anonymous_0)
FN:8,(anonymous_1)
FN:12,(anonymous_2)
FN:16,(anonymous_3)
FN:42,(anonymous_4)
FN:51,(anonymous_5)
FN:68,(anonymous_6)
FN:77,(anonymous_7)
FN:94,(anonymous_8)
FN:103,(anonymous_9)
FN:120,(anonymous_10)
FN:123,(anonymous_11)
FNF:12
FNH:12
FNDA:16,(anonymous_0)
FNDA:19,(anonymous_1)
FNDA:11,(anonymous_2)
FNDA:10,(anonymous_3)
FNDA:1,(anonymous_4)
FNDA:2,(anonymous_5)
FNDA:1,(anonymous_6)
FNDA:2,(anonymous_7)
FNDA:1,(anonymous_8)
FNDA:2,(anonymous_9)
FNDA:12,(anonymous_10)
FNDA:10,(anonymous_11)
DA:3,16
DA:4,16
DA:5,16
DA:9,19
DA:13,11
DA:17,10
DA:43,1
DA:51,2
DA:69,1
DA:77,2
DA:95,1
DA:103,2
DA:121,12
DA:123,9
DA:124,10
DA:132,1
DA:135,1
DA:136,0
DA:138,1
DA:141,1
DA:142,0
DA:144,1
DA:147,0
LF:23
LH:20
BRDA:84,0,0,1
BRDA:84,0,1,1
BRDA:121,1,0,9
BRDA:121,1,1,1
BRDA:121,1,2,1
BRDA:121,1,3,1
BRDA:121,1,4,0
BRDA:135,2,0,0
BRDA:135,2,1,1
BRDA:141,3,0,0
BRDA:141,3,1,1
BRF:11
BRH:8
end_of_record
TN:
SF:src/lib/configGenerator.ts
FN:6,(anonymous_0)
FN:7,(anonymous_1)
FN:10,(anonymous_2)
FN:53,(anonymous_3)
FN:61,(anonymous_4)
FN:62,(anonymous_5)
FN:82,(anonymous_6)
FN:90,(anonymous_7)
FN:91,(anonymous_8)
FN:96,(anonymous_9)
FN:97,(anonymous_10)
FN:132,(anonymous_11)
FN:142,(anonymous_12)
FN:143,(anonymous_13)
FN:162,(anonymous_14)
FN:175,(anonymous_15)
FN:182,(anonymous_16)
FN:188,(anonymous_17)
FN:189,(anonymous_18)
FN:196,(anonymous_19)
FN:203,(anonymous_20)
FN:205,(anonymous_21)
FN:212,(anonymous_22)
FNF:23
FNH:23
FNDA:6,(anonymous_0)
FNDA:24,(anonymous_1)
FNDA:6,(anonymous_2)
FNDA:6,(anonymous_3)
FNDA:265,(anonymous_4)
FNDA:165,(anonymous_5)
FNDA:3,(anonymous_6)
FNDA:18,(anonymous_7)
FNDA:12,(anonymous_8)
FNDA:72,(anonymous_9)
FNDA:24,(anonymous_10)
FNDA:2,(anonymous_11)
FNDA:12,(anonymous_12)
FNDA:8,(anonymous_13)
FNDA:3,(anonymous_14)
FNDA:3,(anonymous_15)
FNDA:18,(anonymous_16)
FNDA:48,(anonymous_17)
FNDA:48,(anonymous_18)
FNDA:3,(anonymous_19)
FNDA:18,(anonymous_20)
FNDA:288,(anonymous_21)
FNDA:48,(anonymous_22)
DA:3,1
DA:7,24
DA:12,6
DA:15,3
DA:16,3
DA:19,3
DA:20,12
DA:21,12
DA:29,3
DA:30,6
DA:31,6
DA:39,3
DA:42,3
DA:43,2
DA:46,3
DA:54,6
DA:55,6
DA:57,6
DA:58,1
DA:61,265
DA:62,165
DA:65,5
DA:66,5
DA:68,5
DA:69,1
DA:72,4
DA:73,0
DA:77,4
DA:78,1
DA:87,3
DA:89,3
DA:90,18
DA:92,12
DA:93,12
DA:95,12
DA:96,72
DA:98,24
DA:100,24
DA:101,48
DA:102,48
DA:104,48
DA:105,48
DA:112,48
DA:119,48
DA:126,48
DA:137,2
DA:138,2
DA:140,2
DA:141,2
DA:142,12
DA:144,8
DA:145,8
DA:147,8
DA:148,192
DA:149,192
DA:151,192
DA:157,192
DA:167,3
DA:170,3
DA:172,3
DA:179,3
DA:182,3
DA:183,18
DA:187,3
DA:188,48
DA:190,48
DA:193,3
DA:200,3
DA:203,3
DA:204,18
DA:205,18
DA:206,288
DA:208,18
DA:212,3
DA:213,48
DA:216,3
LF:76
LH:75
BRDA:42,0,0,2
BRDA:57,1,0,1
BRDA:57,2,0,6
BRDA:57,2,1,5
BRDA:65,3,0,5
BRDA:65,3,1,1
BRDA:68,4,0,1
BRDA:72,5,0,0
BRDA:77,6,0,1
BRDA:137,7,0,2
BRDA:137,7,1,0
BRDA:147,8,0,200
BRDA:147,8,1,192
BRF:13
BRH:11
end_of_record
